<?xml version="1.0" encoding="UTF-8"?>
<testsuites name="TSCountry" time="220.681" tests="1" failures="0" errors="0">
   <testsuite name="TSCountry" tests="1" failures="0" errors="0" time="220.681" skipped="0" timestamp="2023-01-26 09:45:29" hostname="khang.dang - 192.168.1.9" id="Test Suites/TSCountry">
      <properties>
[...]
</properties>
      <testcase name="Test Cases/Testcloud" time="220.42" classname="Test Cases/Testcloud" status="PASSED">
         <system-out><![CDATA[2023-01-26 09:45:30 - [TEST_CASE][PASSED] - Test Cases/Testcloud: Test Cases/Testcloud

2023-01-26 09:45:30 - [TEST_STEP][PASSED] - Start listener action : enableSauceLabs: [SAUCELABS] Saucelabs Plugin will not attempt to auto update job status and information !

2023-01-26 09:45:30 - [MESSAGE][INFO] - [SAUCELABS] Current run configuration: TestCloud - Windows, Chrome version=106, Tunnel=true

2023-01-26 09:45:30 - [MESSAGE][INFO] - [SAUCELABS] Saucelabs Plugin will not attempt to auto update job status and information !

2023-01-26 09:45:30 - [TEST_STEP][PASSED] - openBrowser(""): Browser is opened with url: ''

2023-01-26 09:45:30 - [MESSAGE][INFO] - User set preference: ['os', 'windows']

2023-01-26 09:45:30 - [MESSAGE][INFO] - User set preference: ['browserName', 'chrome']

2023-01-26 09:45:30 - [MESSAGE][INFO] - User set preference: ['browserVersion', '106']

2023-01-26 09:45:30 - [MESSAGE][INFO] - User set preference: ['katalon:option', '{organizationId=255036, tunnelId=bbc52fad-e818-4a7d-8c52-1e5c6d99a0fc, usingTunnel=true}']

2023-01-26 09:45:30 - [MESSAGE][INFO] - Connecting to remote web server 'testcloud.katalon.com/hub' with type 'Selenium'

2023-01-26 09:45:30 - [MESSAGE][INFO] - Action delay is set to 0 milliseconds

2023-01-26 09:48:34 - [MESSAGE][PASSED] - Browser is opened with url: ''

2023-01-26 09:48:34 - [TEST_STEP][PASSED] - navigateToUrl("https://katalon-demo-cura.herokuapp.com/"): Navigate to 'https://katalon-demo-cura.herokuapp.com/' successfully

2023-01-26 09:48:45 - [MESSAGE][PASSED] - Navigate to 'https://katalon-demo-cura.herokuapp.com/' successfully

2023-01-26 09:48:45 - [TEST_STEP][PASSED] - click(findTestObject("Object Repository/Page_CURA Healthcare Service/a_Make Appointment")): Object: 'Object Repository/Page_CURA Healthcare Service/a_Make Appointment' is clicked on

2023-01-26 09:48:52 - [MESSAGE][PASSED] - Object: 'Object Repository/Page_CURA Healthcare Service/a_Make Appointment' is clicked on

2023-01-26 09:48:52 - [TEST_STEP][PASSED] - setText(findTestObject("Object Repository/Page_CURA Healthcare Service/input_Username_username"), "John Doe"): Text 'John Doe' is set on object 'Object Repository/Page_CURA Healthcare Service/input_Username_username'

2023-01-26 09:48:59 - [MESSAGE][PASSED] - Text 'John Doe' is set on object 'Object Repository/Page_CURA Healthcare Service/input_Username_username'

2023-01-26 09:48:59 - [TEST_STEP][PASSED] - setEncryptedText(findTestObject("Object Repository/Page_CURA Healthcare Service/input_Password_password"), "g3/DOGG74jC3Flrr3yH+3D/yKbOqqUNM"): Text ****** has been set on object 'Object Repository/Page_CURA Healthcare Service/input_Password_password'

2023-01-26 09:49:03 - [MESSAGE][PASSED] - Text ****** has been set on object 'Object Repository/Page_CURA Healthcare Service/input_Password_password'

2023-01-26 09:49:03 - [TEST_STEP][PASSED] - click(findTestObject("Object Repository/Page_CURA Healthcare Service/button_Login")): Object: 'Object Repository/Page_CURA Healthcare Service/button_Login' is clicked on

2023-01-26 09:49:10 - [MESSAGE][PASSED] - Object: 'Object Repository/Page_CURA Healthcare Service/button_Login' is clicked on

2023-01-26 09:49:10 - [TEST_STEP][PASSED] - Start listener action : sampleAfterTestCase: null

2023-01-26 09:49:10 - [TEST_STEP][PASSED] - Start listener action : autoUpdateJobStatus: [SAUCELABS] Current run configuration: TestCloud - Windows, Chrome version=106, Tunnel=true

2023-01-26 09:49:10 - [MESSAGE][INFO] - [SAUCELABS] Current run configuration: TestCloud - Windows, Chrome version=106, Tunnel=true]]></system-out>
         <system-err><![CDATA[]]></system-err>
      </testcase>
      <system-out><![CDATA[2023-01-26 09:45:29 - [TEST_SUITE][PASSED] - TSCountry: Test Cases/Testcloud]]></system-out>
      <system-err><![CDATA[]]></system-err>
   </testsuite>
</testsuites>
